<?xml version="1.0" encoding="UTF-8"?>
<!-- Generated by org.testng.reporters.JUnitReportReporter -->
<testsuite hostname="1-ПК" name="myprojects.automation.assignment4.tests.CreateProductTest" tests="12" failures="0" timestamp="12 Oct 2017 08:22:55 GMT" time="117.971" errors="0">
  <testcase name="checkProductDisplayedInTheTable" time="3.478" classname="myprojects.automation.assignment4.tests.CreateProductTest"/>
  <testcase name="checkProductValues" time="2.706" classname="myprojects.automation.assignment4.tests.CreateProductTest"/>
  <testcase name="loginTest" time="6.786" classname="myprojects.automation.assignment4.tests.CreateProductTest"/>
  <testcase name="loginTest" time="9.463" classname="myprojects.automation.assignment4.tests.CreateProductTest"/>
  <testcase name="createNewProduct" time="15.098" classname="myprojects.automation.assignment4.tests.CreateProductTest"/>
  <testcase name="checkProductValues" time="2.200" classname="myprojects.automation.assignment4.tests.CreateProductTest"/>
  <testcase name="checkProductDisplayedInTheTable" time="3.800" classname="myprojects.automation.assignment4.tests.CreateProductTest"/>
  <testcase name="createNewProduct" time="24.743" classname="myprojects.automation.assignment4.tests.CreateProductTest"/>
  <testcase name="checkProductDisplayedInTheTable" time="7.942" classname="myprojects.automation.assignment4.tests.CreateProductTest"/>
  <testcase name="loginTest" time="12.695" classname="myprojects.automation.assignment4.tests.CreateProductTest"/>
  <testcase name="createNewProduct" time="15.185" classname="myprojects.automation.assignment4.tests.CreateProductTest"/>
  <testcase name="checkProductValues" time="13.875" classname="myprojects.automation.assignment4.tests.CreateProductTest"/>
</testsuite> <!-- myprojects.automation.assignment4.tests.CreateProductTest -->
